<?xml version="1.0" encoding="UTF-8"?><testsuite failures="0" name="cucumber.runtime.formatter.JUnitFormatter" skipped="0" tests="1" time="49.973752">
<testcase classname="FreeCRM Create deals data" name="Deals data creation" time="49.973752">
<system-out><![CDATA[Given User is on LoginPage..................................................passed
Then Click Login Button on prelogin page....................................passed
Then User entered "xcardtier1@gmail.com" and "Test@123".....................passed
Then User clicks on login button............................................passed
Then user is on home page...................................................passed
Then User moves to Deals link...............................................passed
When User click New Button..................................................passed
Then User enters deals details on deals page and click save.................passed
Then signOut and closeBrowser...............................................passed
]]></system-out>
</testcase>
</testsuite>
